Using pre-set license
Built from '2020.3/staging' branch; Version is '2020.3.26f1 (7298b473bc1a) revision 7510196'; Using compiler version '192528614'; Build Type 'Release'
OS: 'Windows 10  (10.0.19043) 64bit Professional' Language: 'ru' Physical Memory: 16335 MB
BatchMode: 1, IsHumanControllingUs: 0, StartBugReporterOnCrash: 0, Is64bit: 1, IsPro: 0

COMMAND LINE ARGUMENTS:
D:\Programs\Unity projects\2020.3.26f1\Editor\Unity.exe
-adb2
-batchMode
-noUpm
-name
AssetImportWorker0
-projectPath
D:/Programs/Unity projects/PlanetaryCapture
-logFile
Logs/AssetImportWorker0.log
-srvPort
59698
Successfully changed project path to: D:/Programs/Unity projects/PlanetaryCapture
D:/Programs/Unity projects/PlanetaryCapture
Using Asset Import Pipeline V2.
Refreshing native plugins compatible for Editor in 67.65 ms, found 3 plugins.
Preloading 0 native plugins for Editor in 0.00 ms.
Initialize engine version: 2020.3.26f1 (7298b473bc1a)
[Subsystems] Discovering subsystems at path D:/Programs/Unity projects/2020.3.26f1/Editor/Data/Resources/UnitySubsystems
[Subsystems] Discovering subsystems at path D:/Programs/Unity projects/PlanetaryCapture/Assets
GfxDevice: creating device client; threaded=0
Direct3D:
    Version:  Direct3D 11.0 [level 11.0]
    Renderer: NVIDIA GeForce GTX 760 (ID=0x1187)
    Vendor:   
    VRAM:     2007 MB
    Driver:   27.21.14.5671
Initialize mono
Mono path[0] = 'D:/Programs/Unity projects/2020.3.26f1/Editor/Data/Managed'
Mono path[1] = 'D:/Programs/Unity projects/2020.3.26f1/Editor/Data/MonoBleedingEdge/lib/mono/unityjit'
Mono config path = 'D:/Programs/Unity projects/2020.3.26f1/Editor/Data/MonoBleedingEdge/etc'
Using monoOptions --debugger-agent=transport=dt_socket,embedding=1,server=y,suspend=n,address=127.0.0.1:56604
Begin MonoManager ReloadAssembly
Registering precompiled unity dll's ...
Register platform support module: D:/Programs/Unity projects/2020.3.26f1/Editor/Data/PlaybackEngines/WindowsStandaloneSupport/UnityEditor.WindowsStandalone.Extensions.dll
Registered in 0.001275 seconds.
Native extension for WindowsStandalone target not found
Refreshing native plugins compatible for Editor in 71.51 ms, found 3 plugins.
Preloading 0 native plugins for Editor in 0.00 ms.
Mono: successfully reloaded assembly
- Completed reload, in  0.756 seconds
Domain Reload Profiling:
	ReloadAssembly (756ms)
		BeginReloadAssembly (68ms)
			ExecutionOrderSort (0ms)
			DisableScriptedObjects (0ms)
			BackupInstance (0ms)
			ReleaseScriptingObjects (0ms)
			CreateAndSetChildDomain (1ms)
		EndReloadAssembly (604ms)
			LoadAssemblies (67ms)
			RebuildTransferFunctionScriptingTraits (0ms)
			SetupTypeCache (199ms)
			ReleaseScriptCaches (0ms)
			RebuildScriptCaches (40ms)
			SetupLoadedEditorAssemblies (241ms)
				LogAssemblyErrors (0ms)
				InitializePlatformSupportModulesInManaged (5ms)
				SetLoadedEditorAssemblies (0ms)
				RefreshPlugins (72ms)
				BeforeProcessingInitializeOnLoad (22ms)
				ProcessInitializeOnLoadAttributes (104ms)
				ProcessInitializeOnLoadMethodAttributes (38ms)
				AfterProcessingInitializeOnLoad (0ms)
				EditorAssembliesLoaded (0ms)
			ExecutionOrderSort2 (0ms)
			AwakeInstancesAfterBackupRestoration (0ms)
Platform modules already initialized, skipping
Registering precompiled user dll's ...
Registered in 0.004784 seconds.
Begin MonoManager ReloadAssembly
Native extension for WindowsStandalone target not found
Refreshing native plugins compatible for Editor in 82.68 ms, found 3 plugins.
Preloading 0 native plugins for Editor in 0.00 ms.
Mono: successfully reloaded assembly
- Completed reload, in  1.509 seconds
Domain Reload Profiling:
	ReloadAssembly (1510ms)
		BeginReloadAssembly (190ms)
			ExecutionOrderSort (0ms)
			DisableScriptedObjects (6ms)
			BackupInstance (0ms)
			ReleaseScriptingObjects (0ms)
			CreateAndSetChildDomain (23ms)
		EndReloadAssembly (1250ms)
			LoadAssemblies (137ms)
			RebuildTransferFunctionScriptingTraits (0ms)
			SetupTypeCache (370ms)
			ReleaseScriptCaches (1ms)
			RebuildScriptCaches (93ms)
			SetupLoadedEditorAssemblies (461ms)
				LogAssemblyErrors (0ms)
				InitializePlatformSupportModulesInManaged (6ms)
				SetLoadedEditorAssemblies (0ms)
				RefreshPlugins (83ms)
				BeforeProcessingInitializeOnLoad (107ms)
				ProcessInitializeOnLoadAttributes (243ms)
				ProcessInitializeOnLoadMethodAttributes (19ms)
				AfterProcessingInitializeOnLoad (3ms)
				EditorAssembliesLoaded (0ms)
			ExecutionOrderSort2 (0ms)
			AwakeInstancesAfterBackupRestoration (9ms)
Platform modules already initialized, skipping
========================================================================
Worker process is ready to serve import requests
Launched and connected shader compiler UnityShaderCompiler.exe after 0.06 seconds
Refreshing native plugins compatible for Editor in 0.99 ms, found 3 plugins.
Preloading 0 native plugins for Editor in 0.00 ms.
Unloading 2235 Unused Serialized files (Serialized files now loaded: 0)
System memory in use before: 99.1 MB.
System memory in use after: 99.2 MB.

Unloading 29 unused Assets to reduce memory usage. Loaded Objects now: 2677.
Total: 3.277600 ms (FindLiveObjects: 0.174900 ms CreateObjectMapping: 0.102400 ms MarkObjects: 2.955700 ms  DeleteObjects: 0.035000 ms)

AssetImportParameters requested are different than current active one (requested -> active):
  custom:framework-win-MediaFoundation: 216162199b28c13a410421893ffa2e32 -> 
  custom:video-decoder-ogg-theora: a1e56fd34408186e4bbccfd4996cb3dc -> 
  custom:container-muxer-webm: aa71ff27fc2769a1b78a27578f13a17b -> 
  custom:container-demuxer-webm: 4f35f7cbe854078d1ac9338744f61a02 -> 
  custom:container-demuxer-ogg: 62fdf1f143b41e24485cea50d1cbac27 -> 
  custom:video-encoder-webm-vp8: eb34c28f22e8b96e1ab97ce403110664 -> 
  custom:video-decoder-webm-vp8: 9c59270c3fd7afecdb556c50c9e8de78 -> 
  custom:audio-decoder-ogg-vorbis: bf7c407c2cedff20999df2af8eb42d56 -> 
  custom:audio-encoder-webm-vorbis: bf7c407c2cedff20999df2af8eb42d56 -> 
========================================================================
Received Import Request.
  path: Assets/AssetStore/spaceshooter/Vector/sheet.svg
  artifactKey: Guid(0d29c266289d92d49a6a93e2c5246d38) Importer(815301076,1909f56bfc062723c751e8b465ee728b)
Start importing Assets/AssetStore/spaceshooter/Vector/sheet.svg using Guid(0d29c266289d92d49a6a93e2c5246d38) Importer(815301076,1909f56bfc062723c751e8b465ee728b)  -> (artifact id: 'd46191f9c65b99301e3182600216dba0') in 0.046044 seconds 
  Import took 0.049666 seconds .

========================================================================
Received Import Request.
  Time since last request: 0.068822 seconds.
  path: Assets/AssetStore/Planets with Space Background in Flat Style/Flat Planets EPS.7z
  artifactKey: Guid(690766c4c6a6bfb45be79102ea7a7140) Importer(815301076,1909f56bfc062723c751e8b465ee728b)
Start importing Assets/AssetStore/Planets with Space Background in Flat Style/Flat Planets EPS.7z using Guid(690766c4c6a6bfb45be79102ea7a7140) Importer(815301076,1909f56bfc062723c751e8b465ee728b)  -> (artifact id: '3976a56e950278dea6759b137f666b20') in 0.005370 seconds 
  Import took 0.008776 seconds .

========================================================================
Received Import Request.
  Time since last request: 0.383943 seconds.
  path: Assets/Game/Game.unity
  artifactKey: Guid(2cda990e2423bbf4892e6590ba056729) Importer(815301076,1909f56bfc062723c751e8b465ee728b)
Start importing Assets/Game/Game.unity using Guid(2cda990e2423bbf4892e6590ba056729) Importer(815301076,1909f56bfc062723c751e8b465ee728b)  -> (artifact id: 'b4c2d7a09a708d76ff2a73b467fc20cf') in 0.001805 seconds 
  Import took 0.005698 seconds .

========================================================================
Received Import Request.
  Time since last request: 0.021701 seconds.
  path: Assets/AssetStore/spaceshooter/Vector
  artifactKey: Guid(e2b0da00d917a3a46ac1c90c61a52511) Importer(815301076,1909f56bfc062723c751e8b465ee728b)
Start importing Assets/AssetStore/spaceshooter/Vector using Guid(e2b0da00d917a3a46ac1c90c61a52511) Importer(815301076,1909f56bfc062723c751e8b465ee728b)  -> (artifact id: '10991bc2482655f2b7aabb57bcbeb749') in 0.001344 seconds 
  Import took 0.005011 seconds .

========================================================================
Received Import Request.
  Time since last request: 0.130146 seconds.
  path: Assets/Game/Scripts/Planet.cs
  artifactKey: Guid(2b7f3455689d75b4b93eab61017c48ac) Importer(815301076,1909f56bfc062723c751e8b465ee728b)
Start importing Assets/Game/Scripts/Planet.cs using Guid(2b7f3455689d75b4b93eab61017c48ac) Importer(815301076,1909f56bfc062723c751e8b465ee728b)  -> (artifact id: 'f78c152863e3a1abe8803619d7b07346') in 0.009454 seconds 
  Import took 0.013242 seconds .

========================================================================
Received Import Request.
  Time since last request: 0.034102 seconds.
  path: Assets/AssetStore/spaceshooter/Spritesheet/sheet.xml
  artifactKey: Guid(7513d63067aef8f42856e6543587de55) Importer(815301076,1909f56bfc062723c751e8b465ee728b)
Start importing Assets/AssetStore/spaceshooter/Spritesheet/sheet.xml using Guid(7513d63067aef8f42856e6543587de55) Importer(815301076,1909f56bfc062723c751e8b465ee728b)  -> (artifact id: '51545287c2cf391129cbdf7379e4fb93') in 0.017141 seconds 
  Import took 0.021390 seconds .

========================================================================
Received Import Request.
  Time since last request: 0.357743 seconds.
  path: Assets/Game/Scripts/GameController.cs
  artifactKey: Guid(5ca42e70f3e05914a86fe2afa11ab5bd) Importer(815301076,1909f56bfc062723c751e8b465ee728b)
Start importing Assets/Game/Scripts/GameController.cs using Guid(5ca42e70f3e05914a86fe2afa11ab5bd) Importer(815301076,1909f56bfc062723c751e8b465ee728b)  -> (artifact id: 'f425f60852074b76bf553459b844a510') in 0.001470 seconds 
  Import took 0.005376 seconds .

========================================================================
Received Import Request.
  Time since last request: 0.181148 seconds.
  path: Assets/AssetStore/spaceshooter/PNG/Meteors
  artifactKey: Guid(8519d41fd740456489eec13c0c9ed487) Importer(815301076,1909f56bfc062723c751e8b465ee728b)
Start importing Assets/AssetStore/spaceshooter/PNG/Meteors using Guid(8519d41fd740456489eec13c0c9ed487) Importer(815301076,1909f56bfc062723c751e8b465ee728b)  -> (artifact id: 'bd919adc9d23ef02ffd7a8742e1d25e8') in 0.001149 seconds 
  Import took 0.004779 seconds .

========================================================================
Received Import Request.
  Time since last request: 0.237732 seconds.
  path: Assets/AssetStore/particlePack_1.1/License.txt
  artifactKey: Guid(7e5c7f809d125f04cb52c1dc50fcb286) Importer(815301076,1909f56bfc062723c751e8b465ee728b)
Start importing Assets/AssetStore/particlePack_1.1/License.txt using Guid(7e5c7f809d125f04cb52c1dc50fcb286) Importer(815301076,1909f56bfc062723c751e8b465ee728b)  -> (artifact id: '21087b31ad693a64c5925ec2981c6819') in 0.005947 seconds 
  Import took 0.009627 seconds .

========================================================================
Received Import Request.
  Time since last request: 0.227697 seconds.
  path: Assets/AssetStore/Planets with Space Background in Flat Style/Demo Scene/DemoSettings.lighting
  artifactKey: Guid(412d14f6b43c38348b8a0286a0e84a83) Importer(815301076,1909f56bfc062723c751e8b465ee728b)
Start importing Assets/AssetStore/Planets with Space Background in Flat Style/Demo Scene/DemoSettings.lighting using Guid(412d14f6b43c38348b8a0286a0e84a83) Importer(815301076,1909f56bfc062723c751e8b465ee728b) LightingSettings: switching bake backend from 1 to 0.
 -> (artifact id: 'bb3e161747ba1497f9bcb8b53df28f11') in 0.003714 seconds 
  Import took 0.007705 seconds .

========================================================================
Received Import Request.
  Time since last request: 0.195890 seconds.
  path: Assets/Game/Scripts/EnemyController.cs
  artifactKey: Guid(77892f4e88b44d548b8606e5e11f7c47) Importer(815301076,1909f56bfc062723c751e8b465ee728b)
Start importing Assets/Game/Scripts/EnemyController.cs using Guid(77892f4e88b44d548b8606e5e11f7c47) Importer(815301076,1909f56bfc062723c751e8b465ee728b)  -> (artifact id: 'ed12b54e88fa1f65ebe5fb517b04301d') in 0.001534 seconds 
  Import took 0.005343 seconds .

========================================================================
Received Import Request.
  Time since last request: 0.086188 seconds.
  path: Assets/AssetStore/spaceshooter/PNG/Effects
  artifactKey: Guid(95855548eb9db774fa4224bf7eb22a5a) Importer(815301076,1909f56bfc062723c751e8b465ee728b)
Start importing Assets/AssetStore/spaceshooter/PNG/Effects using Guid(95855548eb9db774fa4224bf7eb22a5a) Importer(815301076,1909f56bfc062723c751e8b465ee728b)  -> (artifact id: '2a75a508c9adf4daec11bf36b5f20af3') in 0.001876 seconds 
  Import took 0.006104 seconds .

========================================================================
Received Import Request.
  Time since last request: 0.023853 seconds.
  path: Assets/AssetStore/spaceshooter/PNG/Enemies
  artifactKey: Guid(e90ca3981f6df0b47b849effaf7c48df) Importer(815301076,1909f56bfc062723c751e8b465ee728b)
Start importing Assets/AssetStore/spaceshooter/PNG/Enemies using Guid(e90ca3981f6df0b47b849effaf7c48df) Importer(815301076,1909f56bfc062723c751e8b465ee728b)  -> (artifact id: '80e44bcaebadc72c4fe2ab08b8e75870') in 0.001430 seconds 
  Import took 0.004848 seconds .

========================================================================
Received Import Request.
  Time since last request: 0.106158 seconds.
  path: Assets/AssetStore/Kenney/Particle samples/License.txt
  artifactKey: Guid(6a0f772cc101ddd4ca7e45459f224b1c) Importer(815301076,1909f56bfc062723c751e8b465ee728b)
Start importing Assets/AssetStore/Kenney/Particle samples/License.txt using Guid(6a0f772cc101ddd4ca7e45459f224b1c) Importer(815301076,1909f56bfc062723c751e8b465ee728b)  -> (artifact id: '2e41a8ddbb25941f7e88e499e4af20e7') in 0.001945 seconds 
  Import took 0.006607 seconds .

========================================================================
Received Import Request.
  Time since last request: 0.024432 seconds.
  path: Assets/AssetStore/particlePack_1.1/PNG (Black background)/Rotated
  artifactKey: Guid(02436e5082410ac459020ed80b762892) Importer(815301076,1909f56bfc062723c751e8b465ee728b)
Start importing Assets/AssetStore/particlePack_1.1/PNG (Black background)/Rotated using Guid(02436e5082410ac459020ed80b762892) Importer(815301076,1909f56bfc062723c751e8b465ee728b)  -> (artifact id: 'ac21e03905fd51c330fbdff9ffb647bb') in 0.001502 seconds 
  Import took 0.005691 seconds .

========================================================================
Received Import Request.
  Time since last request: 0.028020 seconds.
  path: Assets/AssetStore/spaceshooter/license.txt
  artifactKey: Guid(60fb27665abd7df4493490e64ef6ed37) Importer(815301076,1909f56bfc062723c751e8b465ee728b)
Start importing Assets/AssetStore/spaceshooter/license.txt using Guid(60fb27665abd7df4493490e64ef6ed37) Importer(815301076,1909f56bfc062723c751e8b465ee728b)  -> (artifact id: '463a99197a43c456dddacdb6f6b9eafb') in 0.002362 seconds 
  Import took 0.006188 seconds .

========================================================================
Received Import Request.
  Time since last request: 0.105618 seconds.
  path: Assets/AssetStore/Planets with Space Background in Flat Style/Flat Planets AI.7z
  artifactKey: Guid(60fcdc89512c76b4692e2825b52fe1b8) Importer(815301076,1909f56bfc062723c751e8b465ee728b)
Start importing Assets/AssetStore/Planets with Space Background in Flat Style/Flat Planets AI.7z using Guid(60fcdc89512c76b4692e2825b52fe1b8) Importer(815301076,1909f56bfc062723c751e8b465ee728b)  -> (artifact id: '99bf8c797cff6c66e5e3b06a1abaa0de') in 0.001900 seconds 
  Import took 0.005936 seconds .

========================================================================
Received Import Request.
  Time since last request: 1.243781 seconds.
  path: Assets/AssetStore/spaceshooter/PNG/Lasers
  artifactKey: Guid(30471565a8aa9bf48a13bc814bb992e3) Importer(815301076,1909f56bfc062723c751e8b465ee728b)
Start importing Assets/AssetStore/spaceshooter/PNG/Lasers using Guid(30471565a8aa9bf48a13bc814bb992e3) Importer(815301076,1909f56bfc062723c751e8b465ee728b)  -> (artifact id: 'b466041925e6b89f3d37c5e4a89dee8c') in 0.001895 seconds 
  Import took 0.007254 seconds .

========================================================================
Received Import Request.
  Time since last request: 0.086206 seconds.
  path: Assets/AssetStore/spaceshooter/PNG/UI
  artifactKey: Guid(6a000c977fb99de4a8ce4a2628edb2c9) Importer(815301076,1909f56bfc062723c751e8b465ee728b)
Start importing Assets/AssetStore/spaceshooter/PNG/UI using Guid(6a000c977fb99de4a8ce4a2628edb2c9) Importer(815301076,1909f56bfc062723c751e8b465ee728b)  -> (artifact id: 'd954559cda14c5b8383a9984d113050b') in 0.001479 seconds 
  Import took 0.005072 seconds .

========================================================================
Received Import Request.
  Time since last request: 0.026637 seconds.
  path: Assets/AssetStore/spaceshooter/PNG/Damage
  artifactKey: Guid(a1779a72b891e3645b786f30a9880625) Importer(815301076,1909f56bfc062723c751e8b465ee728b)
Start importing Assets/AssetStore/spaceshooter/PNG/Damage using Guid(a1779a72b891e3645b786f30a9880625) Importer(815301076,1909f56bfc062723c751e8b465ee728b)  -> (artifact id: '04d754181a24c07872728fde2492dc67') in 0.001487 seconds 
  Import took 0.006632 seconds .

========================================================================
Received Import Request.
  Time since last request: 0.049507 seconds.
  path: Assets/AssetStore/spaceshooter/Vector/sheet.swf
  artifactKey: Guid(4f455a9390ddc9549b850e66d8fcefc3) Importer(815301076,1909f56bfc062723c751e8b465ee728b)
Start importing Assets/AssetStore/spaceshooter/Vector/sheet.swf using Guid(4f455a9390ddc9549b850e66d8fcefc3) Importer(815301076,1909f56bfc062723c751e8b465ee728b)  -> (artifact id: '6981b274397e2966d6568db97f5a3bf3') in 0.004023 seconds 
  Import took 0.008329 seconds .

========================================================================
Received Import Request.
  Time since last request: 0.130854 seconds.
  path: Assets/AssetStore/spaceshooter/Spritesheet
  artifactKey: Guid(ed7d917fb37b1fb4892711f578c77b7f) Importer(815301076,1909f56bfc062723c751e8b465ee728b)
Start importing Assets/AssetStore/spaceshooter/Spritesheet using Guid(ed7d917fb37b1fb4892711f578c77b7f) Importer(815301076,1909f56bfc062723c751e8b465ee728b)  -> (artifact id: '01ed63fd5fde30e75900129c401757b3') in 0.001483 seconds 
  Import took 0.010177 seconds .

========================================================================
Received Import Request.
  Time since last request: 0.171893 seconds.
  path: Assets/AssetStore/spaceshooter/PNG/Parts
  artifactKey: Guid(fff22c1edf2872c41bc5d59b432177fb) Importer(815301076,1909f56bfc062723c751e8b465ee728b)
Start importing Assets/AssetStore/spaceshooter/PNG/Parts using Guid(fff22c1edf2872c41bc5d59b432177fb) Importer(815301076,1909f56bfc062723c751e8b465ee728b)  -> (artifact id: 'fdac619ae26fb11f8aef19e204da6471') in 0.001683 seconds 
  Import took 0.005858 seconds .

========================================================================
Received Import Request.
  Time since last request: 0.489379 seconds.
  path: Assets/AssetStore/spaceshooter/PNG/Power-ups
  artifactKey: Guid(76ad1e3c79d4f0c43a7a8d5cef62bdce) Importer(815301076,1909f56bfc062723c751e8b465ee728b)
Start importing Assets/AssetStore/spaceshooter/PNG/Power-ups using Guid(76ad1e3c79d4f0c43a7a8d5cef62bdce) Importer(815301076,1909f56bfc062723c751e8b465ee728b)  -> (artifact id: '14591a281c69d64f1a892eccfb8a3e04') in 0.001749 seconds 
  Import took 0.009925 seconds .

AssetImportWorkerClient::OnTransportError - code=2 error=End of file
